[2025-01-11T19:22:20.518] [ERROR] cheese - Cheese is too ripe!
[2025-01-11T19:22:20.519] [FATAL] cheese - Cheese was breeding ground for listeria.
[2025-01-11T19:27:17.277] [DEBUG] cheese - Got cheese.
[2025-01-11T19:27:17.278] [INFO] cheese - Cheese is Comté.
[2025-01-11T19:27:17.278] [WARN] cheese - Cheese is quite smelly.
[2025-01-11T19:27:17.278] [ERROR] cheese - Cheese is too ripe!
[2025-01-11T19:27:17.278] [FATAL] cheese - Cheese was breeding ground for listeria.
[2025-01-11T19:27:48.117] [TRACE] cheese - Entering cheese testing
[2025-01-11T19:27:48.118] [DEBUG] cheese - Got cheese.
[2025-01-11T19:27:48.118] [INFO] cheese - Cheese is Comté.
[2025-01-11T19:27:48.118] [WARN] cheese - Cheese is quite smelly.
[2025-01-11T19:27:48.118] [ERROR] cheese - Cheese is too ripe!
[2025-01-11T19:27:48.118] [FATAL] cheese - Cheese was breeding ground for listeria.
[2025-01-11T19:28:47.919] [WARN] cheese - Cheese is quite smelly.
[2025-01-11T19:28:47.920] [ERROR] cheese - Cheese is too ripe!
[2025-01-11T19:28:47.920] [FATAL] cheese - Cheese was breeding ground for listeria.
[2025-01-11T19:43:27.079] [ERROR] cheese - Cheese is too ripe!
[2025-01-11T19:43:27.081] [DEBUG] cheese - Got cheese.
[2025-01-11T19:43:57.447] [ERROR] oops - Cheese is too ripe!
[2025-01-11T19:43:57.448] [DEBUG] oops - Got cheese.
[2025-01-11T19:44:10.061] [ERROR] oops - Cheese is too ripe!
[2025-01-11T19:45:07.620] [ERROR] oops - Cheese is too ripe!
[2025-01-11T19:45:24.313] [ERROR] oops - Cheese is too ripe!
[2025-01-11T19:45:24.314] [DEBUG] oops - Got cheese.
[2025-01-11T19:50:17.818] [ERROR] oops - Cheese is too ripe!
[2025-01-11T19:50:17.819] [DEBUG] oops - Got cheese.
[2025-01-13T20:52:11.973] [DEBUG] oops - The port number is: 8080
[2025-01-13T20:52:11.977] [ERROR] oops - Cheese is too ripe!
[2025-01-13T20:52:11.977] [DEBUG] oops - Got cheese.
[2025-01-13T20:59:38.026] [INFO] oops - The port number is: 8080
[2025-01-13T20:59:38.029] [ERROR] oops - Cheese is too ripe!
[2025-01-13T20:59:38.029] [DEBUG] oops - Got cheese.
[2025-01-13T21:04:13.864] [INFO] oops - The port number is: 8080
[2025-01-13T21:04:13.866] [ERROR] oops - Cheese is too ripe!
[2025-01-13T21:04:13.866] [DEBUG] oops - Got cheese.
[2025-01-13T21:04:30.183] [INFO] oops - The port number is: 8080
[2025-01-13T21:04:30.184] [ERROR] oops - Cheese is too ripe!
[2025-01-13T21:04:30.184] [DEBUG] oops - Got cheese.
[2025-01-13T21:05:03.578] [INFO] oops - The port number is: 8080
[2025-01-13T21:05:03.579] [ERROR] oops - Cheese is too ripe!
[2025-01-13T21:09:07.141] [INFO] oops - The port number is: 8080
[2025-01-13T21:09:07.143] [ERROR] oops - Cheese is too ripe!
[2025-01-13T21:09:26.907] [INFO] oops - The port number is: 8080
[2025-01-13T21:09:26.908] [ERROR] oops - Cheese is too ripe!
[2025-01-13T21:10:59.751] [INFO] oops - The port number is: 80
[2025-01-13T21:10:59.753] [ERROR] oops - Cheese is too ripe!
